Info: Starting: Create block symbol file (.bsf)
Info: qsys-generate D:\Projetos\Quartus\AcumuladorNios\SistemaEmbarcado.qsys --block-symbol-file --output-directory=D:\Projetos\Quartus\AcumuladorNios\SistemaEmbarcado --family="Cyclone IV E" --part=EP4CE115F29C7
Progress: Loading AcumuladorNios/SistemaEmbarcado.qsys
Progress: Reading input file
Progress: Adding Acumulador [Acumulador 1.0]
Progress: Parameterizing module Acumulador
Progress: Adding MedidorDesempenho [MedidorDesempenho 1.0]
Progress: Parameterizing module MedidorDesempenho
Progress: Adding MemoriaDados [altera_avalon_onchip_memory2 18.1]
Progress: Parameterizing module MemoriaDados
Progress: Adding MemoriaPrograma [altera_avalon_onchip_memory2 18.1]
Progress: Parameterizing module MemoriaPrograma
Progress: Adding Processador [altera_nios2_gen2 18.1]
Progress: Parameterizing module Processador
Progress: Adding acelerador_inlier [acelerador_inlier 1.0]
Progress: Parameterizing module acelerador_inlier
Progress: Adding clock [clock_source 18.1]
Progress: Parameterizing module clock
Progress: Adding jtag_uart [altera_avalon_jtag_uart 18.1]
Progress: Parameterizing module jtag_uart
Progress: Building connections
Progress: Parameterizing connections
Progress: Validating
Progress: Done reading input file
Info: SistemaEmbarcado.jtag_uart: JTAG UART IP input clock need to be at least double (2x) the operating frequency of JTAG TCK on board
Info: qsys-generate succeeded.
Info: Finished: Create block symbol file (.bsf)
Info: 
Info: Starting: Create HDL design files for synthesis
Info: qsys-generate D:\Projetos\Quartus\AcumuladorNios\SistemaEmbarcado.qsys --synthesis=VERILOG --output-directory=D:\Projetos\Quartus\AcumuladorNios\SistemaEmbarcado\synthesis --family="Cyclone IV E" --part=EP4CE115F29C7
Progress: Loading AcumuladorNios/SistemaEmbarcado.qsys
Progress: Reading input file
Progress: Adding Acumulador [Acumulador 1.0]
Progress: Parameterizing module Acumulador
Progress: Adding MedidorDesempenho [MedidorDesempenho 1.0]
Progress: Parameterizing module MedidorDesempenho
Progress: Adding MemoriaDados [altera_avalon_onchip_memory2 18.1]
Progress: Parameterizing module MemoriaDados
Progress: Adding MemoriaPrograma [altera_avalon_onchip_memory2 18.1]
Progress: Parameterizing module MemoriaPrograma
Progress: Adding Processador [altera_nios2_gen2 18.1]
Progress: Parameterizing module Processador
Progress: Adding acelerador_inlier [acelerador_inlier 1.0]
Progress: Parameterizing module acelerador_inlier
Progress: Adding clock [clock_source 18.1]
Progress: Parameterizing module clock
Progress: Adding jtag_uart [altera_avalon_jtag_uart 18.1]
Progress: Parameterizing module jtag_uart
Progress: Building connections
Progress: Parameterizing connections
Progress: Validating
Progress: Done reading input file
Info: SistemaEmbarcado.jtag_uart: JTAG UART IP input clock need to be at least double (2x) the operating frequency of JTAG TCK on board
Info: SistemaEmbarcado: Generating SistemaEmbarcado "SistemaEmbarcado" for QUARTUS_SYNTH
Info: Acumulador: "SistemaEmbarcado" instantiated Acumulador "Acumulador"
Info: MedidorDesempenho: "SistemaEmbarcado" instantiated MedidorDesempenho "MedidorDesempenho"
Info: MemoriaDados: Starting RTL generation for module 'SistemaEmbarcado_MemoriaDados'
Info: MemoriaDados:   Generation command is [exec D:/programas/intelfpga_lite/18.1/quartus/bin64/perl/bin/perl.exe -I D:/programas/intelfpga_lite/18.1/quartus/bin64/perl/lib -I D:/programas/intelfpga_lite/18.1/quartus/sopc_builder/bin/europa -I D:/programas/intelfpga_lite/18.1/quartus/sopc_builder/bin/perl_lib -I D:/programas/intelfpga_lite/18.1/quartus/sopc_builder/bin -I D:/programas/intelfpga_lite/18.1/quartus/../ip/altera/sopc_builder_ip/common -I D:/programas/intelfpga_lite/18.1/quartus/../ip/altera/sopc_builder_ip/altera_avalon_onchip_memory2 -- D:/programas/intelfpga_lite/18.1/quartus/../ip/altera/sopc_builder_ip/altera_avalon_onchip_memory2/generate_rtl.pl --name=SistemaEmbarcado_MemoriaDados --dir=C:/Users/Mota/AppData/Local/Temp/alt8598_1185865262543806629.dir/0035_MemoriaDados_gen/ --quartus_dir=D:/programas/intelfpga_lite/18.1/quartus --verilog --config=C:/Users/Mota/AppData/Local/Temp/alt8598_1185865262543806629.dir/0035_MemoriaDados_gen//SistemaEmbarcado_MemoriaDados_component_configuration.pl  --do_build_sim=0  ]
Info: MemoriaDados: Done RTL generation for module 'SistemaEmbarcado_MemoriaDados'
Info: MemoriaDados: "SistemaEmbarcado" instantiated altera_avalon_onchip_memory2 "MemoriaDados"
Info: MemoriaPrograma: Starting RTL generation for module 'SistemaEmbarcado_MemoriaPrograma'
Info: MemoriaPrograma:   Generation command is [exec D:/programas/intelfpga_lite/18.1/quartus/bin64/perl/bin/perl.exe -I D:/programas/intelfpga_lite/18.1/quartus/bin64/perl/lib -I D:/programas/intelfpga_lite/18.1/quartus/sopc_builder/bin/europa -I D:/programas/intelfpga_lite/18.1/quartus/sopc_builder/bin/perl_lib -I D:/programas/intelfpga_lite/18.1/quartus/sopc_builder/bin -I D:/programas/intelfpga_lite/18.1/quartus/../ip/altera/sopc_builder_ip/common -I D:/programas/intelfpga_lite/18.1/quartus/../ip/altera/sopc_builder_ip/altera_avalon_onchip_memory2 -- D:/programas/intelfpga_lite/18.1/quartus/../ip/altera/sopc_builder_ip/altera_avalon_onchip_memory2/generate_rtl.pl --name=SistemaEmbarcado_MemoriaPrograma --dir=C:/Users/Mota/AppData/Local/Temp/alt8598_1185865262543806629.dir/0036_MemoriaPrograma_gen/ --quartus_dir=D:/programas/intelfpga_lite/18.1/quartus --verilog --config=C:/Users/Mota/AppData/Local/Temp/alt8598_1185865262543806629.dir/0036_MemoriaPrograma_gen//SistemaEmbarcado_MemoriaPrograma_component_configuration.pl  --do_build_sim=0  ]
Info: MemoriaPrograma: Done RTL generation for module 'SistemaEmbarcado_MemoriaPrograma'
Info: MemoriaPrograma: "SistemaEmbarcado" instantiated altera_avalon_onchip_memory2 "MemoriaPrograma"
Info: Processador: "SistemaEmbarcado" instantiated altera_nios2_gen2 "Processador"
Info: acelerador_inlier: "SistemaEmbarcado" instantiated acelerador_inlier "acelerador_inlier"
Info: jtag_uart: Starting RTL generation for module 'SistemaEmbarcado_jtag_uart'
Info: jtag_uart:   Generation command is [exec D:/programas/intelfpga_lite/18.1/quartus/bin64/perl/bin/perl.exe -I D:/programas/intelfpga_lite/18.1/quartus/bin64/perl/lib -I D:/programas/intelfpga_lite/18.1/quartus/sopc_builder/bin/europa -I D:/programas/intelfpga_lite/18.1/quartus/sopc_builder/bin/perl_lib -I D:/programas/intelfpga_lite/18.1/quartus/sopc_builder/bin -I D:/programas/intelfpga_lite/18.1/quartus/../ip/altera/sopc_builder_ip/common -I D:/programas/intelfpga_lite/18.1/quartus/../ip/altera/sopc_builder_ip/altera_avalon_jtag_uart -- D:/programas/intelfpga_lite/18.1/quartus/../ip/altera/sopc_builder_ip/altera_avalon_jtag_uart/generate_rtl.pl --name=SistemaEmbarcado_jtag_uart --dir=C:/Users/Mota/AppData/Local/Temp/alt8598_1185865262543806629.dir/0038_jtag_uart_gen/ --quartus_dir=D:/programas/intelfpga_lite/18.1/quartus --verilog --config=C:/Users/Mota/AppData/Local/Temp/alt8598_1185865262543806629.dir/0038_jtag_uart_gen//SistemaEmbarcado_jtag_uart_component_configuration.pl  --do_build_sim=0  ]
Info: jtag_uart: Done RTL generation for module 'SistemaEmbarcado_jtag_uart'
Info: jtag_uart: "SistemaEmbarcado" instantiated altera_avalon_jtag_uart "jtag_uart"
Info: avalon_st_adapter: Inserting error_adapter: error_adapter_0
Info: avalon_st_adapter_001: Inserting error_adapter: error_adapter_0
Info: avalon_st_adapter_002: Inserting error_adapter: error_adapter_0
Info: avalon_st_adapter_003: Inserting error_adapter: error_adapter_0
Info: avalon_st_adapter_004: Inserting error_adapter: error_adapter_0
Info: avalon_st_adapter_005: Inserting error_adapter: error_adapter_0
Info: avalon_st_adapter_006: Inserting error_adapter: error_adapter_0
Info: avalon_st_adapter_007: Inserting error_adapter: error_adapter_0
Info: avalon_st_adapter_008: Inserting error_adapter: error_adapter_0
Info: mm_interconnect_0: "SistemaEmbarcado" instantiated altera_mm_interconnect "mm_interconnect_0"
Info: irq_mapper: "SistemaEmbarcado" instantiated altera_irq_mapper "irq_mapper"
Info: rst_controller: "SistemaEmbarcado" instantiated altera_reset_controller "rst_controller"
Info: cpu: Starting RTL generation for module 'SistemaEmbarcado_Processador_cpu'
Info: cpu:   Generation command is [exec D:/Programas/intelFPGA_lite/18.1/quartus/bin64//eperlcmd.exe -I D:/Programas/intelFPGA_lite/18.1/quartus/bin64//perl/lib -I D:/programas/intelfpga_lite/18.1/quartus/sopc_builder/bin/europa -I D:/programas/intelfpga_lite/18.1/quartus/sopc_builder/bin/perl_lib -I D:/programas/intelfpga_lite/18.1/quartus/sopc_builder/bin -I D:/programas/intelfpga_lite/18.1/quartus/../ip/altera/nios2_ip/altera_nios2_gen2/cpu_lib -I D:/programas/intelfpga_lite/18.1/quartus/../ip/altera/nios2_ip/altera_nios2_gen2/nios_lib -I D:/programas/intelfpga_lite/18.1/quartus/../ip/altera/nios2_ip/altera_nios2_gen2 -I D:/programas/intelfpga_lite/18.1/quartus/../ip/altera/nios2_ip/altera_nios2_gen2 -- D:/programas/intelfpga_lite/18.1/quartus/../ip/altera/nios2_ip/altera_nios2_gen2/generate_rtl.epl --name=SistemaEmbarcado_Processador_cpu --dir=C:/Users/Mota/AppData/Local/Temp/alt8598_1185865262543806629.dir/0041_cpu_gen/ --quartus_bindir=D:/Programas/intelFPGA_lite/18.1/quartus/bin64/ --verilog --config=C:/Users/Mota/AppData/Local/Temp/alt8598_1185865262543806629.dir/0041_cpu_gen//SistemaEmbarcado_Processador_cpu_processor_configuration.pl  --do_build_sim=0  ]
Info: cpu: # 2020.12.02 15:29:39 (*) Starting Nios II generation
Info: cpu: # 2020.12.02 15:29:39 (*)   Checking for plaintext license.
Info: cpu: # 2020.12.02 15:29:39 (*)   Couldn't query license setup in Quartus directory D:/Programas/intelFPGA_lite/18.1/quartus/bin64/
Info: cpu: # 2020.12.02 15:29:39 (*)   Defaulting to contents of LM_LICENSE_FILE environment variable
Info: cpu: # 2020.12.02 15:29:39 (*)   LM_LICENSE_FILE environment variable is empty
Info: cpu: # 2020.12.02 15:29:39 (*)   Plaintext license not found.
Info: cpu: # 2020.12.02 15:29:39 (*)   No license required to generate encrypted Nios II/e.
Info: cpu: # 2020.12.02 15:29:39 (*)   Elaborating CPU configuration settings
Info: cpu: # 2020.12.02 15:29:39 (*)   Creating all objects for CPU
Info: cpu: # 2020.12.02 15:29:41 (*)   Generating RTL from CPU objects
Info: cpu: # 2020.12.02 15:29:41 (*)   Creating plain-text RTL
Info: cpu: # 2020.12.02 15:29:42 (*) Done Nios II generation
Info: cpu: Done RTL generation for module 'SistemaEmbarcado_Processador_cpu'
Info: cpu: "Processador" instantiated altera_nios2_gen2_unit "cpu"
Info: Processador_data_master_translator: "mm_interconnect_0" instantiated altera_merlin_master_translator "Processador_data_master_translator"
Info: jtag_uart_avalon_jtag_slave_translator: "mm_interconnect_0" instantiated altera_merlin_slave_translator "jtag_uart_avalon_jtag_slave_translator"
Info: Processador_data_master_agent: "mm_interconnect_0" instantiated altera_merlin_master_agent "Processador_data_master_agent"
Info: jtag_uart_avalon_jtag_slave_agent: "mm_interconnect_0" instantiated altera_merlin_slave_agent "jtag_uart_avalon_jtag_slave_agent"
Info: jtag_uart_avalon_jtag_slave_agent_rsp_fifo: "mm_interconnect_0" instantiated altera_avalon_sc_fifo "jtag_uart_avalon_jtag_slave_agent_rsp_fifo"
Info: router: "mm_interconnect_0" instantiated altera_merlin_router "router"
Info: router_001: "mm_interconnect_0" instantiated altera_merlin_router "router_001"
Info: router_002: "mm_interconnect_0" instantiated altera_merlin_router "router_002"
Info: router_003: "mm_interconnect_0" instantiated altera_merlin_router "router_003"
Info: cmd_demux: "mm_interconnect_0" instantiated altera_merlin_demultiplexer "cmd_demux"
Info: cmd_demux_001: "mm_interconnect_0" instantiated altera_merlin_demultiplexer "cmd_demux_001"
Info: cmd_mux: "mm_interconnect_0" instantiated altera_merlin_multiplexer "cmd_mux"
Info: cmd_mux_001: "mm_interconnect_0" instantiated altera_merlin_multiplexer "cmd_mux_001"
Info: Reusing file D:/Projetos/Quartus/AcumuladorNios/SistemaEmbarcado/synthesis/submodules/altera_merlin_arbitrator.sv
Info: rsp_demux: "mm_interconnect_0" instantiated altera_merlin_demultiplexer "rsp_demux"
Info: rsp_demux_001: "mm_interconnect_0" instantiated altera_merlin_demultiplexer "rsp_demux_001"
Info: rsp_mux: "mm_interconnect_0" instantiated altera_merlin_multiplexer "rsp_mux"
Info: Reusing file D:/Projetos/Quartus/AcumuladorNios/SistemaEmbarcado/synthesis/submodules/altera_merlin_arbitrator.sv
Info: rsp_mux_001: "mm_interconnect_0" instantiated altera_merlin_multiplexer "rsp_mux_001"
Info: Reusing file D:/Projetos/Quartus/AcumuladorNios/SistemaEmbarcado/synthesis/submodules/altera_merlin_arbitrator.sv
Info: avalon_st_adapter: "mm_interconnect_0" instantiated altera_avalon_st_adapter "avalon_st_adapter"
Info: error_adapter_0: "avalon_st_adapter" instantiated error_adapter "error_adapter_0"
Info: SistemaEmbarcado: Done "SistemaEmbarcado" with 31 modules, 48 files
Info: qsys-generate succeeded.
Info: Finished: Create HDL design files for synthesis
