Flow report for AcumuladorNios
Fri Nov 13 14:18:19 2020
Quartus Prime Version 18.1.0 Build 625 09/12/2018 SJ Lite Edition


---------------------
; Table of Contents ;
---------------------
  1. Legal Notice
  2. Flow Summary
  3. Flow Settings
  4. Flow Non-Default Global Settings
  5. Flow Elapsed Time
  6. Flow OS Summary
  7. Flow Log
  8. Flow Messages
  9. Flow Suppressed Messages



----------------
; Legal Notice ;
----------------
Copyright (C) 2018  Intel Corporation. All rights reserved.
Your use of Intel Corporation's design tools, logic functions 
and other software and tools, and its AMPP partner logic 
functions, and any output files from any of the foregoing 
(including device programming or simulation files), and any 
associated documentation or information are expressly subject 
to the terms and conditions of the Intel Program License 
Subscription Agreement, the Intel Quartus Prime License Agreement,
the Intel FPGA IP License Agreement, or other applicable license
agreement, including, without limitation, that your use is for
the sole purpose of programming logic devices manufactured by
Intel and sold by Intel or its authorized distributors.  Please
refer to the applicable agreement for further details.



+----------------------------------------------------------------------------------+
; Flow Summary                                                                     ;
+------------------------------------+---------------------------------------------+
; Flow Status                        ; Successful - Fri Nov 13 14:18:13 2020       ;
; Quartus Prime Version              ; 18.1.0 Build 625 09/12/2018 SJ Lite Edition ;
; Revision Name                      ; AcumuladorNios                              ;
; Top-level Entity Name              ; AcumuladorNios                              ;
; Family                             ; Cyclone IV E                                ;
; Device                             ; EP4CE115F29C7                               ;
; Timing Models                      ; Final                                       ;
; Total logic elements               ; 1,885 / 114,480 ( 2 % )                     ;
;     Total combinational functions  ; 1,781 / 114,480 ( 2 % )                     ;
;     Dedicated logic registers      ; 1,020 / 114,480 ( < 1 % )                   ;
; Total registers                    ; 1020                                        ;
; Total pins                         ; 20 / 529 ( 4 % )                            ;
; Total virtual pins                 ; 0                                           ;
; Total memory bits                  ; 666,624 / 3,981,312 ( 17 % )                ;
; Embedded Multiplier 9-bit elements ; 0 / 532 ( 0 % )                             ;
; Total PLLs                         ; 0 / 4 ( 0 % )                               ;
+------------------------------------+---------------------------------------------+


+-----------------------------------------+
; Flow Settings                           ;
+-------------------+---------------------+
; Option            ; Setting             ;
+-------------------+---------------------+
; Start date & time ; 11/13/2020 14:16:57 ;
; Main task         ; Compilation         ;
; Revision Name     ; AcumuladorNios      ;
+-------------------+---------------------+


+----------------------------------------------------------------------------------------------------------------------------------------------------------+
; Flow Non-Default Global Settings                                                                                                                         ;
+-------------------------------------+--------------------------------------------------------------------+---------------+------------------+------------+
; Assignment Name                     ; Value                                                              ; Default Value ; Entity Name      ; Section Id ;
+-------------------------------------+--------------------------------------------------------------------+---------------+------------------+------------+
; COMPILER_SIGNATURE_ID               ; 123719801907951.160528781706848                                    ; --            ; --               ; --         ;
; MAX_CORE_JUNCTION_TEMP              ; 85                                                                 ; --            ; --               ; --         ;
; MIN_CORE_JUNCTION_TEMP              ; 0                                                                  ; --            ; --               ; --         ;
; MISC_FILE                           ; SistemaEmbarcado/synthesis/../SistemaEmbarcado.cmp                 ; --            ; --               ; --         ;
; MISC_FILE                           ; SistemaEmbarcado/synthesis/../../SistemaEmbarcado.qsys             ; --            ; --               ; --         ;
; NOMINAL_CORE_SUPPLY_VOLTAGE         ; 1.2V                                                               ; --            ; --               ; --         ;
; PARTITION_COLOR                     ; -- (Not supported for targeted family)                             ; --            ; --               ; Top        ;
; PARTITION_FITTER_PRESERVATION_LEVEL ; -- (Not supported for targeted family)                             ; --            ; --               ; Top        ;
; PARTITION_NETLIST_TYPE              ; -- (Not supported for targeted family)                             ; --            ; --               ; Top        ;
; POWER_BOARD_THERMAL_MODEL           ; None (CONSERVATIVE)                                                ; --            ; --               ; --         ;
; POWER_PRESET_COOLING_SOLUTION       ; 23 MM HEAT SINK WITH 200 LFPM AIRFLOW                              ; --            ; --               ; --         ;
; PROJECT_OUTPUT_DIRECTORY            ; output_files                                                       ; --            ; --               ; --         ;
; SLD_FILE                            ; SistemaEmbarcado/synthesis/SistemaEmbarcado.regmap                 ; --            ; --               ; --         ;
; SLD_FILE                            ; SistemaEmbarcado/synthesis/SistemaEmbarcado.debuginfo              ; --            ; --               ; --         ;
; SLD_INFO                            ; QSYS_NAME SistemaEmbarcado HAS_SOPCINFO 1 GENERATION_ID 1605014335 ; --            ; SistemaEmbarcado ; --         ;
; SOPCINFO_FILE                       ; SistemaEmbarcado/synthesis/../../SistemaEmbarcado.sopcinfo         ; --            ; --               ; --         ;
; SYNTHESIS_ONLY_QIP                  ; On                                                                 ; --            ; --               ; --         ;
+-------------------------------------+--------------------------------------------------------------------+---------------+------------------+------------+


+--------------------------------------------------------------------------------------------------------------------------+
; Flow Elapsed Time                                                                                                        ;
+----------------------+--------------+-------------------------+---------------------+------------------------------------+
; Module Name          ; Elapsed Time ; Average Processors Used ; Peak Virtual Memory ; Total CPU Time (on all processors) ;
+----------------------+--------------+-------------------------+---------------------+------------------------------------+
; Analysis & Synthesis ; 00:00:40     ; 1.0                     ; 4930 MB             ; 00:01:04                           ;
; Fitter               ; 00:00:23     ; 1.1                     ; 6053 MB             ; 00:00:30                           ;
; Assembler            ; 00:00:04     ; 1.0                     ; 4695 MB             ; 00:00:04                           ;
; Timing Analyzer      ; 00:00:04     ; 1.2                     ; 4917 MB             ; 00:00:03                           ;
; Total                ; 00:01:11     ; --                      ; --                  ; 00:01:41                           ;
+----------------------+--------------+-------------------------+---------------------+------------------------------------+


+------------------------------------------------------------------------------------+
; Flow OS Summary                                                                    ;
+----------------------+------------------+------------+------------+----------------+
; Module Name          ; Machine Hostname ; OS Name    ; OS Version ; Processor type ;
+----------------------+------------------+------------+------------+----------------+
; Analysis & Synthesis ; DESKTOP-3PVAS2R  ; Windows 10 ; 10.0       ; x86_64         ;
; Fitter               ; DESKTOP-3PVAS2R  ; Windows 10 ; 10.0       ; x86_64         ;
; Assembler            ; DESKTOP-3PVAS2R  ; Windows 10 ; 10.0       ; x86_64         ;
; Timing Analyzer      ; DESKTOP-3PVAS2R  ; Windows 10 ; 10.0       ; x86_64         ;
+----------------------+------------------+------------+------------+----------------+


------------
; Flow Log ;
------------
quartus_map --read_settings_files=on --write_settings_files=off AcumuladorNios -c AcumuladorNios
quartus_fit --read_settings_files=off --write_settings_files=off AcumuladorNios -c AcumuladorNios
quartus_asm --read_settings_files=off --write_settings_files=off AcumuladorNios -c AcumuladorNios
quartus_sta AcumuladorNios -c AcumuladorNios



